<?xml version="1.0" encoding="utf-8"?><testsuites><testsuite name="pytest" errors="3" failures="0" skipped="0" tests="3" time="15.135" timestamp="2025-08-21T15:18:47.597704" hostname="LTGB012096"><testcase classname="tests.test_enhanced_verify_api_key.TestEnhancedVerifyApiKey" name="test_valid_api_key_products_subscribed[200-share-flow-testing]" time="3.821"><error message="failed on setup with &quot;requests.exceptions.SSLError: HTTPSConnectionPool(host='api.enterprise.apigee.com', port=443): Max retries exceeded with url: /v1/organizations/nhsd-nonprod/developers/apm-testing-internal-dev@nhs.net/apps (Caused by SSLError(SSLCertVerificationError(1, '[SSL: CERTIFICATE_VERIFY_FAILED] certificate verify failed: unable to get local issuer certificate (_ssl.c:1122)')))&quot;">self = &lt;urllib3.connectionpool.HTTPSConnectionPool object at 0x7f9055b0c160&gt;, conn = &lt;urllib3.connection.HTTPSConnection object at 0x7f90544867c0&gt;
method = 'POST', url = '/v1/organizations/nhsd-nonprod/developers/apm-testing-internal-dev@nhs.net/apps'
body = b'{"name": "apim-auto-340eea6f-3f2c-4ab1-82ec-1852d46f20b4", "callbackUrl": "https://google.com", "attribute...lQdzAtaHZIa2FmUk9UWXp2c0dQRno0MCIsICJlIjogIkFRQUIiLCAia3R5IjogIlJTQSIsICJraWQiOiAidGVzdC0xIiwgInVzZSI6ICJzaWcifV19"}]}'
headers = {'Authorization': 'Bearer ', 'Content-Length': '1231', 'Content-Type': 'application/json'}
retries = Retry(total=0, connect=None, read=False, redirect=None, status=None), timeout = Timeout(connect=None, read=None, total=None), chunked = False
response_conn = &lt;urllib3.connection.HTTPSConnection object at 0x7f90544867c0&gt;, preload_content = False, decode_content = False
enforce_content_length = True

    def _make_request(
        self,
        conn: BaseHTTPConnection,
        method: str,
        url: str,
        body: _TYPE_BODY | None = None,
        headers: typing.Mapping[str, str] | None = None,
        retries: Retry | None = None,
        timeout: _TYPE_TIMEOUT = _DEFAULT_TIMEOUT,
        chunked: bool = False,
        response_conn: BaseHTTPConnection | None = None,
        preload_content: bool = True,
        decode_content: bool = True,
        enforce_content_length: bool = True,
    ) -&gt; BaseHTTPResponse:
        """
        Perform a request on a given urllib connection object taken from our
        pool.
    
        :param conn:
            a connection from one of our connection pools
    
        :param method:
            HTTP request method (such as GET, POST, PUT, etc.)
    
        :param url:
            The URL to perform the request on.
    
        :param body:
            Data to send in the request body, either :class:`str`, :class:`bytes`,
            an iterable of :class:`str`/:class:`bytes`, or a file-like object.
    
        :param headers:
            Dictionary of custom headers to send, such as User-Agent,
            If-None-Match, etc. If None, pool headers are used. If provided,
            these headers completely replace any pool-specific headers.
    
        :param retries:
            Configure the number of retries to allow before raising a
            :class:`~urllib3.exceptions.MaxRetryError` exception.
    
            Pass ``None`` to retry until you receive a response. Pass a
            :class:`~urllib3.util.retry.Retry` object for fine-grained control
            over different types of retries.
            Pass an integer number to retry connection errors that many times,
            but no other types of errors. Pass zero to never retry.
    
            If ``False``, then retries are disabled and any exception is raised
            immediately. Also, instead of raising a MaxRetryError on redirects,
            the redirect response will be returned.
    
        :type retries: :class:`~urllib3.util.retry.Retry`, False, or an int.
    
        :param timeout:
            If specified, overrides the default timeout for this one
            request. It may be a float (in seconds) or an instance of
            :class:`urllib3.util.Timeout`.
    
        :param chunked:
            If True, urllib3 will send the body using chunked transfer
            encoding. Otherwise, urllib3 will send the body using the standard
            content-length form. Defaults to False.
    
        :param response_conn:
            Set this to ``None`` if you will handle releasing the connection or
            set the connection to have the response release it.
    
        :param preload_content:
          If True, the response's body will be preloaded during construction.
    
        :param decode_content:
            If True, will attempt to decode the body based on the
            'content-encoding' header.
    
        :param enforce_content_length:
            Enforce content length checking. Body returned by server must match
            value of Content-Length header, if present. Otherwise, raise error.
        """
        self.num_requests += 1
    
        timeout_obj = self._get_timeout(timeout)
        timeout_obj.start_connect()
        conn.timeout = Timeout.resolve_default_timeout(timeout_obj.connect_timeout)
    
        try:
            # Trigger any extra validation we need to do.
            try:
&gt;               self._validate_conn(conn)

.venv/lib/python3.9/site-packages/urllib3/connectionpool.py:466: 
_ _ _ _ _ _ _ _ _ _ _ _ _ _ _ _ _ _ _ _ _ _ _ _ _ _ _ _ _ _ _ _ _ _ _ _ _ _ _ _ _ _ _ _ _ _ _ _ _ _ _ _ _ _ _ _ _ _ _ _ _ _ _ _ _ _ _ _ _ _ _ _ _ _ _ _ _

self = &lt;urllib3.connectionpool.HTTPSConnectionPool object at 0x7f9055b0c160&gt;, conn = &lt;urllib3.connection.HTTPSConnection object at 0x7f90544867c0&gt;

    def _validate_conn(self, conn: BaseHTTPConnection) -&gt; None:
        """
        Called right before a request is made, after the socket is created.
        """
        super()._validate_conn(conn)
    
        # Force connect early to allow us to validate the connection.
        if conn.is_closed:
&gt;           conn.connect()

.venv/lib/python3.9/site-packages/urllib3/connectionpool.py:1095: 
_ _ _ _ _ _ _ _ _ _ _ _ _ _ _ _ _ _ _ _ _ _ _ _ _ _ _ _ _ _ _ _ _ _ _ _ _ _ _ _ _ _ _ _ _ _ _ _ _ _ _ _ _ _ _ _ _ _ _ _ _ _ _ _ _ _ _ _ _ _ _ _ _ _ _ _ _

self = &lt;urllib3.connection.HTTPSConnection object at 0x7f90544867c0&gt;

    def connect(self) -&gt; None:
        # Today we don't need to be doing this step before the /actual/ socket
        # connection, however in the future we'll need to decide whether to
        # create a new socket or re-use an existing "shared" socket as a part
        # of the HTTP/2 handshake dance.
        if self._tunnel_host is not None and self._tunnel_port is not None:
            probe_http2_host = self._tunnel_host
            probe_http2_port = self._tunnel_port
        else:
            probe_http2_host = self.host
            probe_http2_port = self.port
    
        # Check if the target origin supports HTTP/2.
        # If the value comes back as 'None' it means that the current thread
        # is probing for HTTP/2 support. Otherwise, we're waiting for another
        # probe to complete, or we get a value right away.
        target_supports_http2: bool | None
        if "h2" in ssl_.ALPN_PROTOCOLS:
            target_supports_http2 = http2_probe.acquire_and_get(
                host=probe_http2_host, port=probe_http2_port
            )
        else:
            # If HTTP/2 isn't going to be offered it doesn't matter if
            # the target supports HTTP/2. Don't want to make a probe.
            target_supports_http2 = False
    
        if self._connect_callback is not None:
            self._connect_callback(
                "before connect",
                thread_id=threading.get_ident(),
                target_supports_http2=target_supports_http2,
            )
    
        try:
            sock: socket.socket | ssl.SSLSocket
            self.sock = sock = self._new_conn()
            server_hostname: str = self.host
            tls_in_tls = False
    
            # Do we need to establish a tunnel?
            if self._tunnel_host is not None:
                # We're tunneling to an HTTPS origin so need to do TLS-in-TLS.
                if self._tunnel_scheme == "https":
                    # _connect_tls_proxy will verify and assign proxy_is_verified
                    self.sock = sock = self._connect_tls_proxy(self.host, sock)
                    tls_in_tls = True
                elif self._tunnel_scheme == "http":
                    self.proxy_is_verified = False
    
                # If we're tunneling it means we're connected to our proxy.
                self._has_connected_to_proxy = True
    
                self._tunnel()
                # Override the host with the one we're requesting data from.
                server_hostname = self._tunnel_host
    
            if self.server_hostname is not None:
                server_hostname = self.server_hostname
    
            is_time_off = datetime.date.today() &lt; RECENT_DATE
            if is_time_off:
                warnings.warn(
                    (
                        f"System time is way off (before {RECENT_DATE}). This will probably "
                        "lead to SSL verification errors"
                    ),
                    SystemTimeWarning,
                )
    
            # Remove trailing '.' from fqdn hostnames to allow certificate validation
            server_hostname_rm_dot = server_hostname.rstrip(".")
    
&gt;           sock_and_verified = _ssl_wrap_socket_and_match_hostname(
                sock=sock,
                cert_reqs=self.cert_reqs,
                ssl_version=self.ssl_version,
                ssl_minimum_version=self.ssl_minimum_version,
                ssl_maximum_version=self.ssl_maximum_version,
                ca_certs=self.ca_certs,
                ca_cert_dir=self.ca_cert_dir,
                ca_cert_data=self.ca_cert_data,
                cert_file=self.cert_file,
                key_file=self.key_file,
                key_password=self.key_password,
                server_hostname=server_hostname_rm_dot,
                ssl_context=self.ssl_context,
                tls_in_tls=tls_in_tls,
                assert_hostname=self.assert_hostname,
                assert_fingerprint=self.assert_fingerprint,
            )

.venv/lib/python3.9/site-packages/urllib3/connection.py:730: 
_ _ _ _ _ _ _ _ _ _ _ _ _ _ _ _ _ _ _ _ _ _ _ _ _ _ _ _ _ _ _ _ _ _ _ _ _ _ _ _ _ _ _ _ _ _ _ _ _ _ _ _ _ _ _ _ _ _ _ _ _ _ _ _ _ _ _ _ _ _ _ _ _ _ _ _ _

sock = &lt;socket.socket [closed] fd=-1, family=AddressFamily.AF_INET, type=SocketKind.SOCK_STREAM, proto=6&gt;

    def _ssl_wrap_socket_and_match_hostname(
        sock: socket.socket,
        *,
        cert_reqs: None | str | int,
        ssl_version: None | str | int,
        ssl_minimum_version: int | None,
        ssl_maximum_version: int | None,
        cert_file: str | None,
        key_file: str | None,
        key_password: str | None,
        ca_certs: str | None,
        ca_cert_dir: str | None,
        ca_cert_data: None | str | bytes,
        assert_hostname: None | str | typing.Literal[False],
        assert_fingerprint: str | None,
        server_hostname: str | None,
        ssl_context: ssl.SSLContext | None,
        tls_in_tls: bool = False,
    ) -&gt; _WrappedAndVerifiedSocket:
        """Logic for constructing an SSLContext from all TLS parameters, passing
        that down into ssl_wrap_socket, and then doing certificate verification
        either via hostname or fingerprint. This function exists to guarantee
        that both proxies and targets have the same behavior when connecting via TLS.
        """
        default_ssl_context = False
        if ssl_context is None:
            default_ssl_context = True
            context = create_urllib3_context(
                ssl_version=resolve_ssl_version(ssl_version),
                ssl_minimum_version=ssl_minimum_version,
                ssl_maximum_version=ssl_maximum_version,
                cert_reqs=resolve_cert_reqs(cert_reqs),
            )
        else:
            context = ssl_context
    
        context.verify_mode = resolve_cert_reqs(cert_reqs)
    
        # In some cases, we want to verify hostnames ourselves
        if (
            # `ssl` can't verify fingerprints or alternate hostnames
            assert_fingerprint
            or assert_hostname
            # assert_hostname can be set to False to disable hostname checking
            or assert_hostname is False
            # We still support OpenSSL 1.0.2, which prevents us from verifying
            # hostnames easily: https://github.com/pyca/pyopenssl/pull/933
            or ssl_.IS_PYOPENSSL
            or not ssl_.HAS_NEVER_CHECK_COMMON_NAME
        ):
            context.check_hostname = False
    
        # Try to load OS default certs if none are given. We need to do the hasattr() check
        # for custom pyOpenSSL SSLContext objects because they don't support
        # load_default_certs().
        if (
            not ca_certs
            and not ca_cert_dir
            and not ca_cert_data
            and default_ssl_context
            and hasattr(context, "load_default_certs")
        ):
            context.load_default_certs()
    
        # Ensure that IPv6 addresses are in the proper format and don't have a
        # scope ID. Python's SSL module fails to recognize scoped IPv6 addresses
        # and interprets them as DNS hostnames.
        if server_hostname is not None:
            normalized = server_hostname.strip("[]")
            if "%" in normalized:
                normalized = normalized[: normalized.rfind("%")]
            if is_ipaddress(normalized):
                server_hostname = normalized
    
&gt;       ssl_sock = ssl_wrap_socket(
            sock=sock,
            keyfile=key_file,
            certfile=cert_file,
            key_password=key_password,
            ca_certs=ca_certs,
            ca_cert_dir=ca_cert_dir,
            ca_cert_data=ca_cert_data,
            server_hostname=server_hostname,
            ssl_context=context,
            tls_in_tls=tls_in_tls,
        )

.venv/lib/python3.9/site-packages/urllib3/connection.py:909: 
_ _ _ _ _ _ _ _ _ _ _ _ _ _ _ _ _ _ _ _ _ _ _ _ _ _ _ _ _ _ _ _ _ _ _ _ _ _ _ _ _ _ _ _ _ _ _ _ _ _ _ _ _ _ _ _ _ _ _ _ _ _ _ _ _ _ _ _ _ _ _ _ _ _ _ _ _

sock = &lt;socket.socket [closed] fd=-1, family=AddressFamily.AF_INET, type=SocketKind.SOCK_STREAM, proto=6&gt;, keyfile = None, certfile = None
cert_reqs = None, ca_certs = None, server_hostname = 'api.enterprise.apigee.com', ssl_version = None, ciphers = None
ssl_context = &lt;ssl.SSLContext object at 0x7f9057754f40&gt;, ca_cert_dir = None, key_password = None, ca_cert_data = None, tls_in_tls = False

    def ssl_wrap_socket(
        sock: socket.socket,
        keyfile: str | None = None,
        certfile: str | None = None,
        cert_reqs: int | None = None,
        ca_certs: str | None = None,
        server_hostname: str | None = None,
        ssl_version: int | None = None,
        ciphers: str | None = None,
        ssl_context: ssl.SSLContext | None = None,
        ca_cert_dir: str | None = None,
        key_password: str | None = None,
        ca_cert_data: None | str | bytes = None,
        tls_in_tls: bool = False,
    ) -&gt; ssl.SSLSocket | SSLTransportType:
        """
        All arguments except for server_hostname, ssl_context, tls_in_tls, ca_cert_data and
        ca_cert_dir have the same meaning as they do when using
        :func:`ssl.create_default_context`, :meth:`ssl.SSLContext.load_cert_chain`,
        :meth:`ssl.SSLContext.set_ciphers` and :meth:`ssl.SSLContext.wrap_socket`.
    
        :param server_hostname:
            When SNI is supported, the expected hostname of the certificate
        :param ssl_context:
            A pre-made :class:`SSLContext` object. If none is provided, one will
            be created using :func:`create_urllib3_context`.
        :param ciphers:
            A string of ciphers we wish the client to support.
        :param ca_cert_dir:
            A directory containing CA certificates in multiple separate files, as
            supported by OpenSSL's -CApath flag or the capath argument to
            SSLContext.load_verify_locations().
        :param key_password:
            Optional password if the keyfile is encrypted.
        :param ca_cert_data:
            Optional string containing CA certificates in PEM format suitable for
            passing as the cadata parameter to SSLContext.load_verify_locations()
        :param tls_in_tls:
            Use SSLTransport to wrap the existing socket.
        """
        context = ssl_context
        if context is None:
            # Note: This branch of code and all the variables in it are only used in tests.
            # We should consider deprecating and removing this code.
            context = create_urllib3_context(ssl_version, cert_reqs, ciphers=ciphers)
    
        if ca_certs or ca_cert_dir or ca_cert_data:
            try:
                context.load_verify_locations(ca_certs, ca_cert_dir, ca_cert_data)
            except OSError as e:
                raise SSLError(e) from e
    
        elif ssl_context is None and hasattr(context, "load_default_certs"):
            # try to load OS default certs; works well on Windows.
            context.load_default_certs()
    
        # Attempt to detect if we get the goofy behavior of the
        # keyfile being encrypted and OpenSSL asking for the
        # passphrase via the terminal and instead error out.
        if keyfile and key_password is None and _is_key_file_encrypted(keyfile):
            raise SSLError("Client private key is encrypted, password is required")
    
        if certfile:
            if key_password is None:
                context.load_cert_chain(certfile, keyfile)
            else:
                context.load_cert_chain(certfile, keyfile, key_password)
    
        context.set_alpn_protocols(ALPN_PROTOCOLS)
    
&gt;       ssl_sock = _ssl_wrap_socket_impl(sock, context, tls_in_tls, server_hostname)

.venv/lib/python3.9/site-packages/urllib3/util/ssl_.py:469: 
_ _ _ _ _ _ _ _ _ _ _ _ _ _ _ _ _ _ _ _ _ _ _ _ _ _ _ _ _ _ _ _ _ _ _ _ _ _ _ _ _ _ _ _ _ _ _ _ _ _ _ _ _ _ _ _ _ _ _ _ _ _ _ _ _ _ _ _ _ _ _ _ _ _ _ _ _

sock = &lt;socket.socket [closed] fd=-1, family=AddressFamily.AF_INET, type=SocketKind.SOCK_STREAM, proto=6&gt;
ssl_context = &lt;ssl.SSLContext object at 0x7f9057754f40&gt;, tls_in_tls = False, server_hostname = 'api.enterprise.apigee.com'

    def _ssl_wrap_socket_impl(
        sock: socket.socket,
        ssl_context: ssl.SSLContext,
        tls_in_tls: bool,
        server_hostname: str | None = None,
    ) -&gt; ssl.SSLSocket | SSLTransportType:
        if tls_in_tls:
            if not SSLTransport:
                # Import error, ssl is not available.
                raise ProxySchemeUnsupported(
                    "TLS in TLS requires support for the 'ssl' module"
                )
    
            SSLTransport._validate_ssl_context_for_tls_in_tls(ssl_context)
            return SSLTransport(sock, ssl_context, server_hostname)
    
&gt;       return ssl_context.wrap_socket(sock, server_hostname=server_hostname)

.venv/lib/python3.9/site-packages/urllib3/util/ssl_.py:513: 
_ _ _ _ _ _ _ _ _ _ _ _ _ _ _ _ _ _ _ _ _ _ _ _ _ _ _ _ _ _ _ _ _ _ _ _ _ _ _ _ _ _ _ _ _ _ _ _ _ _ _ _ _ _ _ _ _ _ _ _ _ _ _ _ _ _ _ _ _ _ _ _ _ _ _ _ _

self = &lt;ssl.SSLContext object at 0x7f9057754f40&gt;
sock = &lt;socket.socket [closed] fd=-1, family=AddressFamily.AF_INET, type=SocketKind.SOCK_STREAM, proto=6&gt;, server_side = False
do_handshake_on_connect = True, suppress_ragged_eofs = True, server_hostname = 'api.enterprise.apigee.com', session = None

    def wrap_socket(self, sock, server_side=False,
                    do_handshake_on_connect=True,
                    suppress_ragged_eofs=True,
                    server_hostname=None, session=None):
        # SSLSocket class handles server_hostname encoding before it calls
        # ctx._wrap_socket()
&gt;       return self.sslsocket_class._create(
            sock=sock,
            server_side=server_side,
            do_handshake_on_connect=do_handshake_on_connect,
            suppress_ragged_eofs=suppress_ragged_eofs,
            server_hostname=server_hostname,
            context=self,
            session=session
        )

../.pyenv/versions/3.9.0/lib/python3.9/ssl.py:500: 
_ _ _ _ _ _ _ _ _ _ _ _ _ _ _ _ _ _ _ _ _ _ _ _ _ _ _ _ _ _ _ _ _ _ _ _ _ _ _ _ _ _ _ _ _ _ _ _ _ _ _ _ _ _ _ _ _ _ _ _ _ _ _ _ _ _ _ _ _ _ _ _ _ _ _ _ _

cls = &lt;class 'ssl.SSLSocket'&gt;, sock = &lt;socket.socket [closed] fd=-1, family=AddressFamily.AF_INET, type=SocketKind.SOCK_STREAM, proto=6&gt;
server_side = False, do_handshake_on_connect = True, suppress_ragged_eofs = True, server_hostname = 'api.enterprise.apigee.com'
context = &lt;ssl.SSLContext object at 0x7f9057754f40&gt;, session = None

    @classmethod
    def _create(cls, sock, server_side=False, do_handshake_on_connect=True,
                suppress_ragged_eofs=True, server_hostname=None,
                context=None, session=None):
        if sock.getsockopt(SOL_SOCKET, SO_TYPE) != SOCK_STREAM:
            raise NotImplementedError("only stream sockets are supported")
        if server_side:
            if server_hostname:
                raise ValueError("server_hostname can only be specified "
                                 "in client mode")
            if session is not None:
                raise ValueError("session can only be specified in "
                                 "client mode")
        if context.check_hostname and not server_hostname:
            raise ValueError("check_hostname requires server_hostname")
    
        kwargs = dict(
            family=sock.family, type=sock.type, proto=sock.proto,
            fileno=sock.fileno()
        )
        self = cls.__new__(cls, **kwargs)
        super(SSLSocket, self).__init__(**kwargs)
        self.settimeout(sock.gettimeout())
        sock.detach()
    
        self._context = context
        self._session = session
        self._closed = False
        self._sslobj = None
        self.server_side = server_side
        self.server_hostname = context._encode_hostname(server_hostname)
        self.do_handshake_on_connect = do_handshake_on_connect
        self.suppress_ragged_eofs = suppress_ragged_eofs
    
        # See if we are connected
        try:
            self.getpeername()
        except OSError as e:
            if e.errno != errno.ENOTCONN:
                raise
            connected = False
        else:
            connected = True
    
        self._connected = connected
        if connected:
            # create the SSL object
            try:
                self._sslobj = self._context._wrap_socket(
                    self, server_side, self.server_hostname,
                    owner=self, session=self._session,
                )
                if do_handshake_on_connect:
                    timeout = self.gettimeout()
                    if timeout == 0.0:
                        # non-blocking
                        raise ValueError("do_handshake_on_connect should not be specified for non-blocking sockets")
&gt;                   self.do_handshake()

../.pyenv/versions/3.9.0/lib/python3.9/ssl.py:1040: 
_ _ _ _ _ _ _ _ _ _ _ _ _ _ _ _ _ _ _ _ _ _ _ _ _ _ _ _ _ _ _ _ _ _ _ _ _ _ _ _ _ _ _ _ _ _ _ _ _ _ _ _ _ _ _ _ _ _ _ _ _ _ _ _ _ _ _ _ _ _ _ _ _ _ _ _ _

self = &lt;ssl.SSLSocket [closed] fd=-1, family=AddressFamily.AF_INET, type=SocketKind.SOCK_STREAM, proto=6&gt;, block = False

    @_sslcopydoc
    def do_handshake(self, block=False):
        self._check_connected()
        timeout = self.gettimeout()
        try:
            if timeout == 0.0 and block:
                self.settimeout(None)
&gt;           self._sslobj.do_handshake()
E           ssl.SSLCertVerificationError: [SSL: CERTIFICATE_VERIFY_FAILED] certificate verify failed: unable to get local issuer certificate (_ssl.c:1122)

../.pyenv/versions/3.9.0/lib/python3.9/ssl.py:1309: SSLCertVerificationError

During handling of the above exception, another exception occurred:

self = &lt;urllib3.connectionpool.HTTPSConnectionPool object at 0x7f9055b0c160&gt;, method = 'POST'
url = '/v1/organizations/nhsd-nonprod/developers/apm-testing-internal-dev@nhs.net/apps'
body = b'{"name": "apim-auto-340eea6f-3f2c-4ab1-82ec-1852d46f20b4", "callbackUrl": "https://google.com", "attribute...lQdzAtaHZIa2FmUk9UWXp2c0dQRno0MCIsICJlIjogIkFRQUIiLCAia3R5IjogIlJTQSIsICJraWQiOiAidGVzdC0xIiwgInVzZSI6ICJzaWcifV19"}]}'
headers = {'Authorization': 'Bearer ', 'Content-Length': '1231', 'Content-Type': 'application/json'}
retries = Retry(total=0, connect=None, read=False, redirect=None, status=None), redirect = False, assert_same_host = False
timeout = Timeout(connect=None, read=None, total=None), pool_timeout = None, release_conn = False, chunked = False, body_pos = None
preload_content = False, decode_content = False, response_kw = {}
parsed_url = Url(scheme=None, auth=None, host=None, port=None, path='/v1/organizations/nhsd-nonprod/developers/apm-testing-internal-dev@nhs.net/apps', query=None, fragment=None)
destination_scheme = None, conn = None, release_this_conn = True, http_tunnel_required = False, err = None, clean_exit = False

    def urlopen(  # type: ignore[override]
        self,
        method: str,
        url: str,
        body: _TYPE_BODY | None = None,
        headers: typing.Mapping[str, str] | None = None,
        retries: Retry | bool | int | None = None,
        redirect: bool = True,
        assert_same_host: bool = True,
        timeout: _TYPE_TIMEOUT = _DEFAULT_TIMEOUT,
        pool_timeout: int | None = None,
        release_conn: bool | None = None,
        chunked: bool = False,
        body_pos: _TYPE_BODY_POSITION | None = None,
        preload_content: bool = True,
        decode_content: bool = True,
        **response_kw: typing.Any,
    ) -&gt; BaseHTTPResponse:
        """
        Get a connection from the pool and perform an HTTP request. This is the
        lowest level call for making a request, so you'll need to specify all
        the raw details.
    
        .. note::
    
           More commonly, it's appropriate to use a convenience method
           such as :meth:`request`.
    
        .. note::
    
           `release_conn` will only behave as expected if
           `preload_content=False` because we want to make
           `preload_content=False` the default behaviour someday soon without
           breaking backwards compatibility.
    
        :param method:
            HTTP request method (such as GET, POST, PUT, etc.)
    
        :param url:
            The URL to perform the request on.
    
        :param body:
            Data to send in the request body, either :class:`str`, :class:`bytes`,
            an iterable of :class:`str`/:class:`bytes`, or a file-like object.
    
        :param headers:
            Dictionary of custom headers to send, such as User-Agent,
            If-None-Match, etc. If None, pool headers are used. If provided,
            these headers completely replace any pool-specific headers.
    
        :param retries:
            Configure the number of retries to allow before raising a
            :class:`~urllib3.exceptions.MaxRetryError` exception.
    
            If ``None`` (default) will retry 3 times, see ``Retry.DEFAULT``. Pass a
            :class:`~urllib3.util.retry.Retry` object for fine-grained control
            over different types of retries.
            Pass an integer number to retry connection errors that many times,
            but no other types of errors. Pass zero to never retry.
    
            If ``False``, then retries are disabled and any exception is raised
            immediately. Also, instead of raising a MaxRetryError on redirects,
            the redirect response will be returned.
    
        :type retries: :class:`~urllib3.util.retry.Retry`, False, or an int.
    
        :param redirect:
            If True, automatically handle redirects (status codes 301, 302,
            303, 307, 308). Each redirect counts as a retry. Disabling retries
            will disable redirect, too.
    
        :param assert_same_host:
            If ``True``, will make sure that the host of the pool requests is
            consistent else will raise HostChangedError. When ``False``, you can
            use the pool on an HTTP proxy and request foreign hosts.
    
        :param timeout:
            If specified, overrides the default timeout for this one
            request. It may be a float (in seconds) or an instance of
            :class:`urllib3.util.Timeout`.
    
        :param pool_timeout:
            If set and the pool is set to block=True, then this method will
            block for ``pool_timeout`` seconds and raise EmptyPoolError if no
            connection is available within the time period.
    
        :param bool preload_content:
            If True, the response's body will be preloaded into memory.
    
        :param bool decode_content:
            If True, will attempt to decode the body based on the
            'content-encoding' header.
    
        :param release_conn:
            If False, then the urlopen call will not release the connection
            back into the pool once a response is received (but will release if
            you read the entire contents of the response such as when
            `preload_content=True`). This is useful if you're not preloading
            the response's content immediately. You will need to call
            ``r.release_conn()`` on the response ``r`` to return the connection
            back into the pool. If None, it takes the value of ``preload_content``
            which defaults to ``True``.
    
        :param bool chunked:
            If True, urllib3 will send the body using chunked transfer
            encoding. Otherwise, urllib3 will send the body using the standard
            content-length form. Defaults to False.
    
        :param int body_pos:
            Position to seek to in file-like body in the event of a retry or
            redirect. Typically this won't need to be set because urllib3 will
            auto-populate the value when needed.
        """
        parsed_url = parse_url(url)
        destination_scheme = parsed_url.scheme
    
        if headers is None:
            headers = self.headers
    
        if not isinstance(retries, Retry):
            retries = Retry.from_int(retries, redirect=redirect, default=self.retries)
    
        if release_conn is None:
            release_conn = preload_content
    
        # Check host
        if assert_same_host and not self.is_same_host(url):
            raise HostChangedError(self, url, retries)
    
        # Ensure that the URL we're connecting to is properly encoded
        if url.startswith("/"):
            url = to_str(_encode_target(url))
        else:
            url = to_str(parsed_url.url)
    
        conn = None
    
        # Track whether `conn` needs to be released before
        # returning/raising/recursing. Update this variable if necessary, and
        # leave `release_conn` constant throughout the function. That way, if
        # the function recurses, the original value of `release_conn` will be
        # passed down into the recursive call, and its value will be respected.
        #
        # See issue #651 [1] for details.
        #
        # [1] &lt;https://github.com/urllib3/urllib3/issues/651&gt;
        release_this_conn = release_conn
    
        http_tunnel_required = connection_requires_http_tunnel(
            self.proxy, self.proxy_config, destination_scheme
        )
    
        # Merge the proxy headers. Only done when not using HTTP CONNECT. We
        # have to copy the headers dict so we can safely change it without those
        # changes being reflected in anyone else's copy.
        if not http_tunnel_required:
            headers = headers.copy()  # type: ignore[attr-defined]
            headers.update(self.proxy_headers)  # type: ignore[union-attr]
    
        # Must keep the exception bound to a separate variable or else Python 3
        # complains about UnboundLocalError.
        err = None
    
        # Keep track of whether we cleanly exited the except block. This
        # ensures we do proper cleanup in finally.
        clean_exit = False
    
        # Rewind body position, if needed. Record current position
        # for future rewinds in the event of a redirect/retry.
        body_pos = set_file_position(body, body_pos)
    
        try:
            # Request a connection from the queue.
            timeout_obj = self._get_timeout(timeout)
            conn = self._get_conn(timeout=pool_timeout)
    
            conn.timeout = timeout_obj.connect_timeout  # type: ignore[assignment]
    
            # Is this a closed/new connection that requires CONNECT tunnelling?
            if self.proxy is not None and http_tunnel_required and conn.is_closed:
                try:
                    self._prepare_proxy(conn)
                except (BaseSSLError, OSError, SocketTimeout) as e:
                    self._raise_timeout(
                        err=e, url=self.proxy.url, timeout_value=conn.timeout
                    )
                    raise
    
            # If we're going to release the connection in ``finally:``, then
            # the response doesn't need to know about the connection. Otherwise
            # it will also try to release it and we'll have a double-release
            # mess.
            response_conn = conn if not release_conn else None
    
            # Make the request on the HTTPConnection object
&gt;           response = self._make_request(
                conn,
                method,
                url,
                timeout=timeout_obj,
                body=body,
                headers=headers,
                chunked=chunked,
                retries=retries,
                response_conn=response_conn,
                preload_content=preload_content,
                decode_content=decode_content,
                **response_kw,
            )

.venv/lib/python3.9/site-packages/urllib3/connectionpool.py:789: 
_ _ _ _ _ _ _ _ _ _ _ _ _ _ _ _ _ _ _ _ _ _ _ _ _ _ _ _ _ _ _ _ _ _ _ _ _ _ _ _ _ _ _ _ _ _ _ _ _ _ _ _ _ _ _ _ _ _ _ _ _ _ _ _ _ _ _ _ _ _ _ _ _ _ _ _ _

self = &lt;urllib3.connectionpool.HTTPSConnectionPool object at 0x7f9055b0c160&gt;, conn = &lt;urllib3.connection.HTTPSConnection object at 0x7f90544867c0&gt;
method = 'POST', url = '/v1/organizations/nhsd-nonprod/developers/apm-testing-internal-dev@nhs.net/apps'
body = b'{"name": "apim-auto-340eea6f-3f2c-4ab1-82ec-1852d46f20b4", "callbackUrl": "https://google.com", "attribute...lQdzAtaHZIa2FmUk9UWXp2c0dQRno0MCIsICJlIjogIkFRQUIiLCAia3R5IjogIlJTQSIsICJraWQiOiAidGVzdC0xIiwgInVzZSI6ICJzaWcifV19"}]}'
headers = {'Authorization': 'Bearer ', 'Content-Length': '1231', 'Content-Type': 'application/json'}
retries = Retry(total=0, connect=None, read=False, redirect=None, status=None), timeout = Timeout(connect=None, read=None, total=None), chunked = False
response_conn = &lt;urllib3.connection.HTTPSConnection object at 0x7f90544867c0&gt;, preload_content = False, decode_content = False
enforce_content_length = True

    def _make_request(
        self,
        conn: BaseHTTPConnection,
        method: str,
        url: str,
        body: _TYPE_BODY | None = None,
        headers: typing.Mapping[str, str] | None = None,
        retries: Retry | None = None,
        timeout: _TYPE_TIMEOUT = _DEFAULT_TIMEOUT,
        chunked: bool = False,
        response_conn: BaseHTTPConnection | None = None,
        preload_content: bool = True,
        decode_content: bool = True,
        enforce_content_length: bool = True,
    ) -&gt; BaseHTTPResponse:
        """
        Perform a request on a given urllib connection object taken from our
        pool.
    
        :param conn:
            a connection from one of our connection pools
    
        :param method:
            HTTP request method (such as GET, POST, PUT, etc.)
    
        :param url:
            The URL to perform the request on.
    
        :param body:
            Data to send in the request body, either :class:`str`, :class:`bytes`,
            an iterable of :class:`str`/:class:`bytes`, or a file-like object.
    
        :param headers:
            Dictionary of custom headers to send, such as User-Agent,
            If-None-Match, etc. If None, pool headers are used. If provided,
            these headers completely replace any pool-specific headers.
    
        :param retries:
            Configure the number of retries to allow before raising a
            :class:`~urllib3.exceptions.MaxRetryError` exception.
    
            Pass ``None`` to retry until you receive a response. Pass a
            :class:`~urllib3.util.retry.Retry` object for fine-grained control
            over different types of retries.
            Pass an integer number to retry connection errors that many times,
            but no other types of errors. Pass zero to never retry.
    
            If ``False``, then retries are disabled and any exception is raised
            immediately. Also, instead of raising a MaxRetryError on redirects,
            the redirect response will be returned.
    
        :type retries: :class:`~urllib3.util.retry.Retry`, False, or an int.
    
        :param timeout:
            If specified, overrides the default timeout for this one
            request. It may be a float (in seconds) or an instance of
            :class:`urllib3.util.Timeout`.
    
        :param chunked:
            If True, urllib3 will send the body using chunked transfer
            encoding. Otherwise, urllib3 will send the body using the standard
            content-length form. Defaults to False.
    
        :param response_conn:
            Set this to ``None`` if you will handle releasing the connection or
            set the connection to have the response release it.
    
        :param preload_content:
          If True, the response's body will be preloaded during construction.
    
        :param decode_content:
            If True, will attempt to decode the body based on the
            'content-encoding' header.
    
        :param enforce_content_length:
            Enforce content length checking. Body returned by server must match
            value of Content-Length header, if present. Otherwise, raise error.
        """
        self.num_requests += 1
    
        timeout_obj = self._get_timeout(timeout)
        timeout_obj.start_connect()
        conn.timeout = Timeout.resolve_default_timeout(timeout_obj.connect_timeout)
    
        try:
            # Trigger any extra validation we need to do.
            try:
                self._validate_conn(conn)
            except (SocketTimeout, BaseSSLError) as e:
                self._raise_timeout(err=e, url=url, timeout_value=conn.timeout)
                raise
    
        # _validate_conn() starts the connection to an HTTPS proxy
        # so we need to wrap errors with 'ProxyError' here too.
        except (
            OSError,
            NewConnectionError,
            TimeoutError,
            BaseSSLError,
            CertificateError,
            SSLError,
        ) as e:
            new_e: Exception = e
            if isinstance(e, (BaseSSLError, CertificateError)):
                new_e = SSLError(e)
            # If the connection didn't successfully connect to it's proxy
            # then there
            if isinstance(
                new_e, (OSError, NewConnectionError, TimeoutError, SSLError)
            ) and (conn and conn.proxy and not conn.has_connected_to_proxy):
                new_e = _wrap_proxy_error(new_e, conn.proxy.scheme)
&gt;           raise new_e
E           urllib3.exceptions.SSLError: [SSL: CERTIFICATE_VERIFY_FAILED] certificate verify failed: unable to get local issuer certificate (_ssl.c:1122)

.venv/lib/python3.9/site-packages/urllib3/connectionpool.py:490: SSLError

The above exception was the direct cause of the following exception:

self = &lt;requests.adapters.HTTPAdapter object at 0x7f9055a65be0&gt;, request = &lt;PreparedRequest [POST]&gt;, stream = False
timeout = Timeout(connect=None, read=None, total=None), verify = True, cert = None, proxies = OrderedDict()

    def send(
        self, request, stream=False, timeout=None, verify=True, cert=None, proxies=None
    ):
        """Sends PreparedRequest object. Returns Response object.
    
        :param request: The :class:`PreparedRequest &lt;PreparedRequest&gt;` being sent.
        :param stream: (optional) Whether to stream the request content.
        :param timeout: (optional) How long to wait for the server to send
            data before giving up, as a float, or a :ref:`(connect timeout,
            read timeout) &lt;timeouts&gt;` tuple.
        :type timeout: float or tuple or urllib3 Timeout object
        :param verify: (optional) Either a boolean, in which case it controls whether
            we verify the server's TLS certificate, or a string, in which case it
            must be a path to a CA bundle to use
        :param cert: (optional) Any user-provided SSL certificate to be trusted.
        :param proxies: (optional) The proxies dictionary to apply to the request.
        :rtype: requests.Response
        """
    
        try:
            conn = self.get_connection_with_tls_context(
                request, verify, proxies=proxies, cert=cert
            )
        except LocationValueError as e:
            raise InvalidURL(e, request=request)
    
        self.cert_verify(conn, request.url, verify, cert)
        url = self.request_url(request, proxies)
        self.add_headers(
            request,
            stream=stream,
            timeout=timeout,
            verify=verify,
            cert=cert,
            proxies=proxies,
        )
    
        chunked = not (request.body is None or "Content-Length" in request.headers)
    
        if isinstance(timeout, tuple):
            try:
                connect, read = timeout
                timeout = TimeoutSauce(connect=connect, read=read)
            except ValueError:
                raise ValueError(
                    f"Invalid timeout {timeout}. Pass a (connect, read) timeout tuple, "
                    f"or a single float to set both timeouts to the same value."
                )
        elif isinstance(timeout, TimeoutSauce):
            pass
        else:
            timeout = TimeoutSauce(connect=timeout, read=timeout)
    
        try:
&gt;           resp = conn.urlopen(
                method=request.method,
                url=url,
                body=request.body,
                headers=request.headers,
                redirect=False,
                assert_same_host=False,
                preload_content=False,
                decode_content=False,
                retries=self.max_retries,
                timeout=timeout,
                chunked=chunked,
            )

.venv/lib/python3.9/site-packages/requests/adapters.py:667: 
_ _ _ _ _ _ _ _ _ _ _ _ _ _ _ _ _ _ _ _ _ _ _ _ _ _ _ _ _ _ _ _ _ _ _ _ _ _ _ _ _ _ _ _ _ _ _ _ _ _ _ _ _ _ _ _ _ _ _ _ _ _ _ _ _ _ _ _ _ _ _ _ _ _ _ _ _

self = &lt;urllib3.connectionpool.HTTPSConnectionPool object at 0x7f9055b0c160&gt;, method = 'POST'
url = '/v1/organizations/nhsd-nonprod/developers/apm-testing-internal-dev@nhs.net/apps'
body = b'{"name": "apim-auto-340eea6f-3f2c-4ab1-82ec-1852d46f20b4", "callbackUrl": "https://google.com", "attribute...lQdzAtaHZIa2FmUk9UWXp2c0dQRno0MCIsICJlIjogIkFRQUIiLCAia3R5IjogIlJTQSIsICJraWQiOiAidGVzdC0xIiwgInVzZSI6ICJzaWcifV19"}]}'
headers = {'Authorization': 'Bearer ', 'Content-Length': '1231', 'Content-Type': 'application/json'}
retries = Retry(total=0, connect=None, read=False, redirect=None, status=None), redirect = False, assert_same_host = False
timeout = Timeout(connect=None, read=None, total=None), pool_timeout = None, release_conn = False, chunked = False, body_pos = None
preload_content = False, decode_content = False, response_kw = {}
parsed_url = Url(scheme=None, auth=None, host=None, port=None, path='/v1/organizations/nhsd-nonprod/developers/apm-testing-internal-dev@nhs.net/apps', query=None, fragment=None)
destination_scheme = None, conn = None, release_this_conn = True, http_tunnel_required = False, err = None, clean_exit = False

    def urlopen(  # type: ignore[override]
        self,
        method: str,
        url: str,
        body: _TYPE_BODY | None = None,
        headers: typing.Mapping[str, str] | None = None,
        retries: Retry | bool | int | None = None,
        redirect: bool = True,
        assert_same_host: bool = True,
        timeout: _TYPE_TIMEOUT = _DEFAULT_TIMEOUT,
        pool_timeout: int | None = None,
        release_conn: bool | None = None,
        chunked: bool = False,
        body_pos: _TYPE_BODY_POSITION | None = None,
        preload_content: bool = True,
        decode_content: bool = True,
        **response_kw: typing.Any,
    ) -&gt; BaseHTTPResponse:
        """
        Get a connection from the pool and perform an HTTP request. This is the
        lowest level call for making a request, so you'll need to specify all
        the raw details.
    
        .. note::
    
           More commonly, it's appropriate to use a convenience method
           such as :meth:`request`.
    
        .. note::
    
           `release_conn` will only behave as expected if
           `preload_content=False` because we want to make
           `preload_content=False` the default behaviour someday soon without
           breaking backwards compatibility.
    
        :param method:
            HTTP request method (such as GET, POST, PUT, etc.)
    
        :param url:
            The URL to perform the request on.
    
        :param body:
            Data to send in the request body, either :class:`str`, :class:`bytes`,
            an iterable of :class:`str`/:class:`bytes`, or a file-like object.
    
        :param headers:
            Dictionary of custom headers to send, such as User-Agent,
            If-None-Match, etc. If None, pool headers are used. If provided,
            these headers completely replace any pool-specific headers.
    
        :param retries:
            Configure the number of retries to allow before raising a
            :class:`~urllib3.exceptions.MaxRetryError` exception.
    
            If ``None`` (default) will retry 3 times, see ``Retry.DEFAULT``. Pass a
            :class:`~urllib3.util.retry.Retry` object for fine-grained control
            over different types of retries.
            Pass an integer number to retry connection errors that many times,
            but no other types of errors. Pass zero to never retry.
    
            If ``False``, then retries are disabled and any exception is raised
            immediately. Also, instead of raising a MaxRetryError on redirects,
            the redirect response will be returned.
    
        :type retries: :class:`~urllib3.util.retry.Retry`, False, or an int.
    
        :param redirect:
            If True, automatically handle redirects (status codes 301, 302,
            303, 307, 308). Each redirect counts as a retry. Disabling retries
            will disable redirect, too.
    
        :param assert_same_host:
            If ``True``, will make sure that the host of the pool requests is
            consistent else will raise HostChangedError. When ``False``, you can
            use the pool on an HTTP proxy and request foreign hosts.
    
        :param timeout:
            If specified, overrides the default timeout for this one
            request. It may be a float (in seconds) or an instance of
            :class:`urllib3.util.Timeout`.
    
        :param pool_timeout:
            If set and the pool is set to block=True, then this method will
            block for ``pool_timeout`` seconds and raise EmptyPoolError if no
            connection is available within the time period.
    
        :param bool preload_content:
            If True, the response's body will be preloaded into memory.
    
        :param bool decode_content:
            If True, will attempt to decode the body based on the
            'content-encoding' header.
    
        :param release_conn:
            If False, then the urlopen call will not release the connection
            back into the pool once a response is received (but will release if
            you read the entire contents of the response such as when
            `preload_content=True`). This is useful if you're not preloading
            the response's content immediately. You will need to call
            ``r.release_conn()`` on the response ``r`` to return the connection
            back into the pool. If None, it takes the value of ``preload_content``
            which defaults to ``True``.
    
        :param bool chunked:
            If True, urllib3 will send the body using chunked transfer
            encoding. Otherwise, urllib3 will send the body using the standard
            content-length form. Defaults to False.
    
        :param int body_pos:
            Position to seek to in file-like body in the event of a retry or
            redirect. Typically this won't need to be set because urllib3 will
            auto-populate the value when needed.
        """
        parsed_url = parse_url(url)
        destination_scheme = parsed_url.scheme
    
        if headers is None:
            headers = self.headers
    
        if not isinstance(retries, Retry):
            retries = Retry.from_int(retries, redirect=redirect, default=self.retries)
    
        if release_conn is None:
            release_conn = preload_content
    
        # Check host
        if assert_same_host and not self.is_same_host(url):
            raise HostChangedError(self, url, retries)
    
        # Ensure that the URL we're connecting to is properly encoded
        if url.startswith("/"):
            url = to_str(_encode_target(url))
        else:
            url = to_str(parsed_url.url)
    
        conn = None
    
        # Track whether `conn` needs to be released before
        # returning/raising/recursing. Update this variable if necessary, and
        # leave `release_conn` constant throughout the function. That way, if
        # the function recurses, the original value of `release_conn` will be
        # passed down into the recursive call, and its value will be respected.
        #
        # See issue #651 [1] for details.
        #
        # [1] &lt;https://github.com/urllib3/urllib3/issues/651&gt;
        release_this_conn = release_conn
    
        http_tunnel_required = connection_requires_http_tunnel(
            self.proxy, self.proxy_config, destination_scheme
        )
    
        # Merge the proxy headers. Only done when not using HTTP CONNECT. We
        # have to copy the headers dict so we can safely change it without those
        # changes being reflected in anyone else's copy.
        if not http_tunnel_required:
            headers = headers.copy()  # type: ignore[attr-defined]
            headers.update(self.proxy_headers)  # type: ignore[union-attr]
    
        # Must keep the exception bound to a separate variable or else Python 3
        # complains about UnboundLocalError.
        err = None
    
        # Keep track of whether we cleanly exited the except block. This
        # ensures we do proper cleanup in finally.
        clean_exit = False
    
        # Rewind body position, if needed. Record current position
        # for future rewinds in the event of a redirect/retry.
        body_pos = set_file_position(body, body_pos)
    
        try:
            # Request a connection from the queue.
            timeout_obj = self._get_timeout(timeout)
            conn = self._get_conn(timeout=pool_timeout)
    
            conn.timeout = timeout_obj.connect_timeout  # type: ignore[assignment]
    
            # Is this a closed/new connection that requires CONNECT tunnelling?
            if self.proxy is not None and http_tunnel_required and conn.is_closed:
                try:
                    self._prepare_proxy(conn)
                except (BaseSSLError, OSError, SocketTimeout) as e:
                    self._raise_timeout(
                        err=e, url=self.proxy.url, timeout_value=conn.timeout
                    )
                    raise
    
            # If we're going to release the connection in ``finally:``, then
            # the response doesn't need to know about the connection. Otherwise
            # it will also try to release it and we'll have a double-release
            # mess.
            response_conn = conn if not release_conn else None
    
            # Make the request on the HTTPConnection object
            response = self._make_request(
                conn,
                method,
                url,
                timeout=timeout_obj,
                body=body,
                headers=headers,
                chunked=chunked,
                retries=retries,
                response_conn=response_conn,
                preload_content=preload_content,
                decode_content=decode_content,
                **response_kw,
            )
    
            # Everything went great!
            clean_exit = True
    
        except EmptyPoolError:
            # Didn't get a connection from the pool, no need to clean up
            clean_exit = True
            release_this_conn = False
            raise
    
        except (
            TimeoutError,
            HTTPException,
            OSError,
            ProtocolError,
            BaseSSLError,
            SSLError,
            CertificateError,
            ProxyError,
        ) as e:
            # Discard the connection for these exceptions. It will be
            # replaced during the next _get_conn() call.
            clean_exit = False
            new_e: Exception = e
            if isinstance(e, (BaseSSLError, CertificateError)):
                new_e = SSLError(e)
            if isinstance(
                new_e,
                (
                    OSError,
                    NewConnectionError,
                    TimeoutError,
                    SSLError,
                    HTTPException,
                ),
            ) and (conn and conn.proxy and not conn.has_connected_to_proxy):
                new_e = _wrap_proxy_error(new_e, conn.proxy.scheme)
            elif isinstance(new_e, (OSError, HTTPException)):
                new_e = ProtocolError("Connection aborted.", new_e)
    
&gt;           retries = retries.increment(
                method, url, error=new_e, _pool=self, _stacktrace=sys.exc_info()[2]
            )

.venv/lib/python3.9/site-packages/urllib3/connectionpool.py:843: 
_ _ _ _ _ _ _ _ _ _ _ _ _ _ _ _ _ _ _ _ _ _ _ _ _ _ _ _ _ _ _ _ _ _ _ _ _ _ _ _ _ _ _ _ _ _ _ _ _ _ _ _ _ _ _ _ _ _ _ _ _ _ _ _ _ _ _ _ _ _ _ _ _ _ _ _ _

self = Retry(total=0, connect=None, read=False, redirect=None, status=None), method = 'POST'
url = '/v1/organizations/nhsd-nonprod/developers/apm-testing-internal-dev@nhs.net/apps', response = None
error = SSLError(SSLCertVerificationError(1, '[SSL: CERTIFICATE_VERIFY_FAILED] certificate verify failed: unable to get local issuer certificate (_ssl.c:1122)'))
_pool = &lt;urllib3.connectionpool.HTTPSConnectionPool object at 0x7f9055b0c160&gt;, _stacktrace = &lt;traceback object at 0x7f905444a340&gt;

    def increment(
        self,
        method: str | None = None,
        url: str | None = None,
        response: BaseHTTPResponse | None = None,
        error: Exception | None = None,
        _pool: ConnectionPool | None = None,
        _stacktrace: TracebackType | None = None,
    ) -&gt; Self:
        """Return a new Retry object with incremented retry counters.
    
        :param response: A response object, or None, if the server did not
            return a response.
        :type response: :class:`~urllib3.response.BaseHTTPResponse`
        :param Exception error: An error encountered during the request, or
            None if the response was received successfully.
    
        :return: A new ``Retry`` object.
        """
        if self.total is False and error:
            # Disabled, indicate to re-raise the error.
            raise reraise(type(error), error, _stacktrace)
    
        total = self.total
        if total is not None:
            total -= 1
    
        connect = self.connect
        read = self.read
        redirect = self.redirect
        status_count = self.status
        other = self.other
        cause = "unknown"
        status = None
        redirect_location = None
    
        if error and self._is_connection_error(error):
            # Connect retry?
            if connect is False:
                raise reraise(type(error), error, _stacktrace)
            elif connect is not None:
                connect -= 1
    
        elif error and self._is_read_error(error):
            # Read retry?
            if read is False or method is None or not self._is_method_retryable(method):
                raise reraise(type(error), error, _stacktrace)
            elif read is not None:
                read -= 1
    
        elif error:
            # Other retry?
            if other is not None:
                other -= 1
    
        elif response and response.get_redirect_location():
            # Redirect retry?
            if redirect is not None:
                redirect -= 1
            cause = "too many redirects"
            response_redirect_location = response.get_redirect_location()
            if response_redirect_location:
                redirect_location = response_redirect_location
            status = response.status
    
        else:
            # Incrementing because of a server error like a 500 in
            # status_forcelist and the given method is in the allowed_methods
            cause = ResponseError.GENERIC_ERROR
            if response and response.status:
                if status_count is not None:
                    status_count -= 1
                cause = ResponseError.SPECIFIC_ERROR.format(status_code=response.status)
                status = response.status
    
        history = self.history + (
            RequestHistory(method, url, error, status, redirect_location),
        )
    
        new_retry = self.new(
            total=total,
            connect=connect,
            read=read,
            redirect=redirect,
            status=status_count,
            other=other,
            history=history,
        )
    
        if new_retry.is_exhausted():
            reason = error or ResponseError(cause)
&gt;           raise MaxRetryError(_pool, url, reason) from reason  # type: ignore[arg-type]
E           urllib3.exceptions.MaxRetryError: HTTPSConnectionPool(host='api.enterprise.apigee.com', port=443): Max retries exceeded with url: /v1/organizations/nhsd-nonprod/developers/apm-testing-internal-dev@nhs.net/apps (Caused by SSLError(SSLCertVerificationError(1, '[SSL: CERTIFICATE_VERIFY_FAILED] certificate verify failed: unable to get local issuer certificate (_ssl.c:1122)')))

.venv/lib/python3.9/site-packages/urllib3/util/retry.py:519: MaxRetryError

During handling of the above exception, another exception occurred:

args = ()
kwargs = {'_apigee_app_base_url': 'https://api.enterprise.apigee.com/v1/organizations/nhsd-nonprod/developers/apm-testing-inter...dzAtaHZIa2FmUk9UWXp2c0dQRno0MCIsICJlIjogIkFRQUIiLCAia3R5IjogIlJTQSIsICJraWQiOiAidGVzdC0xIiwgInVzZSI6ICJzaWcifV19', ...}
log_line = {'args': [], 'exception': "HTTPSConnectionPool(host='api.enterprise.apigee.com', port=443): Max retries exceeded with ...l.c:1122)')))", 'function_name': '_create_function_scoped_test_app', 'id': '3af17ba3-3886-42ca-be4f-ec7b67695a33', ...}

    @functools.wraps(f)
    def log_generator(*args, **kwargs):
        log_line = pre_log(f, *args, **kwargs)
        try:
            yield from f(*args, **kwargs)
        except Exception as e:
&gt;           log_and_reraise(log_line, e)

.venv/lib/python3.9/site-packages/pytest_nhsd_apim/log.py:73: 
_ _ _ _ _ _ _ _ _ _ _ _ _ _ _ _ _ _ _ _ _ _ _ _ _ _ _ _ _ _ _ _ _ _ _ _ _ _ _ _ _ _ _ _ _ _ _ _ _ _ _ _ _ _ _ _ _ _ _ _ _ _ _ _ _ _ _ _ _ _ _ _ _ _ _ _ _
.venv/lib/python3.9/site-packages/pytest_nhsd_apim/log.py:59: in log_and_reraise
    raise e
.venv/lib/python3.9/site-packages/pytest_nhsd_apim/log.py:71: in log_generator
    yield from f(*args, **kwargs)
.venv/lib/python3.9/site-packages/pytest_nhsd_apim/apigee_edge.py:517: in _create_function_scoped_test_app
    create_resp = _apigee_edge_session.post(_apigee_app_base_url, json=app)
.venv/lib/python3.9/site-packages/requests/sessions.py:637: in post
    return self.request("POST", url, data=data, json=json, **kwargs)
.venv/lib/python3.9/site-packages/requests/sessions.py:589: in request
    resp = self.send(prep, **send_kwargs)
.venv/lib/python3.9/site-packages/requests/sessions.py:703: in send
    r = adapter.send(request, **kwargs)
_ _ _ _ _ _ _ _ _ _ _ _ _ _ _ _ _ _ _ _ _ _ _ _ _ _ _ _ _ _ _ _ _ _ _ _ _ _ _ _ _ _ _ _ _ _ _ _ _ _ _ _ _ _ _ _ _ _ _ _ _ _ _ _ _ _ _ _ _ _ _ _ _ _ _ _ _

self = &lt;requests.adapters.HTTPAdapter object at 0x7f9055a65be0&gt;, request = &lt;PreparedRequest [POST]&gt;, stream = False
timeout = Timeout(connect=None, read=None, total=None), verify = True, cert = None, proxies = OrderedDict()

    def send(
        self, request, stream=False, timeout=None, verify=True, cert=None, proxies=None
    ):
        """Sends PreparedRequest object. Returns Response object.
    
        :param request: The :class:`PreparedRequest &lt;PreparedRequest&gt;` being sent.
        :param stream: (optional) Whether to stream the request content.
        :param timeout: (optional) How long to wait for the server to send
            data before giving up, as a float, or a :ref:`(connect timeout,
            read timeout) &lt;timeouts&gt;` tuple.
        :type timeout: float or tuple or urllib3 Timeout object
        :param verify: (optional) Either a boolean, in which case it controls whether
            we verify the server's TLS certificate, or a string, in which case it
            must be a path to a CA bundle to use
        :param cert: (optional) Any user-provided SSL certificate to be trusted.
        :param proxies: (optional) The proxies dictionary to apply to the request.
        :rtype: requests.Response
        """
    
        try:
            conn = self.get_connection_with_tls_context(
                request, verify, proxies=proxies, cert=cert
            )
        except LocationValueError as e:
            raise InvalidURL(e, request=request)
    
        self.cert_verify(conn, request.url, verify, cert)
        url = self.request_url(request, proxies)
        self.add_headers(
            request,
            stream=stream,
            timeout=timeout,
            verify=verify,
            cert=cert,
            proxies=proxies,
        )
    
        chunked = not (request.body is None or "Content-Length" in request.headers)
    
        if isinstance(timeout, tuple):
            try:
                connect, read = timeout
                timeout = TimeoutSauce(connect=connect, read=read)
            except ValueError:
                raise ValueError(
                    f"Invalid timeout {timeout}. Pass a (connect, read) timeout tuple, "
                    f"or a single float to set both timeouts to the same value."
                )
        elif isinstance(timeout, TimeoutSauce):
            pass
        else:
            timeout = TimeoutSauce(connect=timeout, read=timeout)
    
        try:
            resp = conn.urlopen(
                method=request.method,
                url=url,
                body=request.body,
                headers=request.headers,
                redirect=False,
                assert_same_host=False,
                preload_content=False,
                decode_content=False,
                retries=self.max_retries,
                timeout=timeout,
                chunked=chunked,
            )
    
        except (ProtocolError, OSError) as err:
            raise ConnectionError(err, request=request)
    
        except MaxRetryError as e:
            if isinstance(e.reason, ConnectTimeoutError):
                # TODO: Remove this in 3.0.0: see #2811
                if not isinstance(e.reason, NewConnectionError):
                    raise ConnectTimeout(e, request=request)
    
            if isinstance(e.reason, ResponseError):
                raise RetryError(e, request=request)
    
            if isinstance(e.reason, _ProxyError):
                raise ProxyError(e, request=request)
    
            if isinstance(e.reason, _SSLError):
                # This branch is for urllib3 v1.22 and later.
&gt;               raise SSLError(e, request=request)
E               requests.exceptions.SSLError: HTTPSConnectionPool(host='api.enterprise.apigee.com', port=443): Max retries exceeded with url: /v1/organizations/nhsd-nonprod/developers/apm-testing-internal-dev@nhs.net/apps (Caused by SSLError(SSLCertVerificationError(1, '[SSL: CERTIFICATE_VERIFY_FAILED] certificate verify failed: unable to get local issuer certificate (_ssl.c:1122)')))

.venv/lib/python3.9/site-packages/requests/adapters.py:698: SSLError</error></testcase><testcase classname="tests.test_enhanced_verify_api_key.TestEnhancedVerifyApiKey" name="test_valid_api_key_no_subscribed_products[401-no_products]" time="0.316"><error message="failed on setup with &quot;requests.exceptions.SSLError: HTTPSConnectionPool(host='api.enterprise.apigee.com', port=443): Max retries exceeded with url: /v1/organizations/nhsd-nonprod/developers/apm-testing-internal-dev@nhs.net/apps (Caused by SSLError(SSLCertVerificationError(1, '[SSL: CERTIFICATE_VERIFY_FAILED] certificate verify failed: unable to get local issuer certificate (_ssl.c:1122)')))&quot;">self = &lt;urllib3.connectionpool.HTTPSConnectionPool object at 0x7f9055b0c160&gt;, conn = &lt;urllib3.connection.HTTPSConnection object at 0x7f90543169d0&gt;
method = 'POST', url = '/v1/organizations/nhsd-nonprod/developers/apm-testing-internal-dev@nhs.net/apps'
body = b'{"name": "apim-auto-8fcb2845-11a3-412c-afd3-0a9572dae05e", "callbackUrl": "https://google.com", "attribute...lQdzAtaHZIa2FmUk9UWXp2c0dQRno0MCIsICJlIjogIkFRQUIiLCAia3R5IjogIlJTQSIsICJraWQiOiAidGVzdC0xIiwgInVzZSI6ICJzaWcifV19"}]}'
headers = {'Authorization': 'Bearer ', 'Content-Length': '1231', 'Content-Type': 'application/json'}
retries = Retry(total=0, connect=None, read=False, redirect=None, status=None), timeout = Timeout(connect=None, read=None, total=None), chunked = False
response_conn = &lt;urllib3.connection.HTTPSConnection object at 0x7f90543169d0&gt;, preload_content = False, decode_content = False
enforce_content_length = True

    def _make_request(
        self,
        conn: BaseHTTPConnection,
        method: str,
        url: str,
        body: _TYPE_BODY | None = None,
        headers: typing.Mapping[str, str] | None = None,
        retries: Retry | None = None,
        timeout: _TYPE_TIMEOUT = _DEFAULT_TIMEOUT,
        chunked: bool = False,
        response_conn: BaseHTTPConnection | None = None,
        preload_content: bool = True,
        decode_content: bool = True,
        enforce_content_length: bool = True,
    ) -&gt; BaseHTTPResponse:
        """
        Perform a request on a given urllib connection object taken from our
        pool.
    
        :param conn:
            a connection from one of our connection pools
    
        :param method:
            HTTP request method (such as GET, POST, PUT, etc.)
    
        :param url:
            The URL to perform the request on.
    
        :param body:
            Data to send in the request body, either :class:`str`, :class:`bytes`,
            an iterable of :class:`str`/:class:`bytes`, or a file-like object.
    
        :param headers:
            Dictionary of custom headers to send, such as User-Agent,
            If-None-Match, etc. If None, pool headers are used. If provided,
            these headers completely replace any pool-specific headers.
    
        :param retries:
            Configure the number of retries to allow before raising a
            :class:`~urllib3.exceptions.MaxRetryError` exception.
    
            Pass ``None`` to retry until you receive a response. Pass a
            :class:`~urllib3.util.retry.Retry` object for fine-grained control
            over different types of retries.
            Pass an integer number to retry connection errors that many times,
            but no other types of errors. Pass zero to never retry.
    
            If ``False``, then retries are disabled and any exception is raised
            immediately. Also, instead of raising a MaxRetryError on redirects,
            the redirect response will be returned.
    
        :type retries: :class:`~urllib3.util.retry.Retry`, False, or an int.
    
        :param timeout:
            If specified, overrides the default timeout for this one
            request. It may be a float (in seconds) or an instance of
            :class:`urllib3.util.Timeout`.
    
        :param chunked:
            If True, urllib3 will send the body using chunked transfer
            encoding. Otherwise, urllib3 will send the body using the standard
            content-length form. Defaults to False.
    
        :param response_conn:
            Set this to ``None`` if you will handle releasing the connection or
            set the connection to have the response release it.
    
        :param preload_content:
          If True, the response's body will be preloaded during construction.
    
        :param decode_content:
            If True, will attempt to decode the body based on the
            'content-encoding' header.
    
        :param enforce_content_length:
            Enforce content length checking. Body returned by server must match
            value of Content-Length header, if present. Otherwise, raise error.
        """
        self.num_requests += 1
    
        timeout_obj = self._get_timeout(timeout)
        timeout_obj.start_connect()
        conn.timeout = Timeout.resolve_default_timeout(timeout_obj.connect_timeout)
    
        try:
            # Trigger any extra validation we need to do.
            try:
&gt;               self._validate_conn(conn)

.venv/lib/python3.9/site-packages/urllib3/connectionpool.py:466: 
_ _ _ _ _ _ _ _ _ _ _ _ _ _ _ _ _ _ _ _ _ _ _ _ _ _ _ _ _ _ _ _ _ _ _ _ _ _ _ _ _ _ _ _ _ _ _ _ _ _ _ _ _ _ _ _ _ _ _ _ _ _ _ _ _ _ _ _ _ _ _ _ _ _ _ _ _

self = &lt;urllib3.connectionpool.HTTPSConnectionPool object at 0x7f9055b0c160&gt;, conn = &lt;urllib3.connection.HTTPSConnection object at 0x7f90543169d0&gt;

    def _validate_conn(self, conn: BaseHTTPConnection) -&gt; None:
        """
        Called right before a request is made, after the socket is created.
        """
        super()._validate_conn(conn)
    
        # Force connect early to allow us to validate the connection.
        if conn.is_closed:
&gt;           conn.connect()

.venv/lib/python3.9/site-packages/urllib3/connectionpool.py:1095: 
_ _ _ _ _ _ _ _ _ _ _ _ _ _ _ _ _ _ _ _ _ _ _ _ _ _ _ _ _ _ _ _ _ _ _ _ _ _ _ _ _ _ _ _ _ _ _ _ _ _ _ _ _ _ _ _ _ _ _ _ _ _ _ _ _ _ _ _ _ _ _ _ _ _ _ _ _

self = &lt;urllib3.connection.HTTPSConnection object at 0x7f90543169d0&gt;

    def connect(self) -&gt; None:
        # Today we don't need to be doing this step before the /actual/ socket
        # connection, however in the future we'll need to decide whether to
        # create a new socket or re-use an existing "shared" socket as a part
        # of the HTTP/2 handshake dance.
        if self._tunnel_host is not None and self._tunnel_port is not None:
            probe_http2_host = self._tunnel_host
            probe_http2_port = self._tunnel_port
        else:
            probe_http2_host = self.host
            probe_http2_port = self.port
    
        # Check if the target origin supports HTTP/2.
        # If the value comes back as 'None' it means that the current thread
        # is probing for HTTP/2 support. Otherwise, we're waiting for another
        # probe to complete, or we get a value right away.
        target_supports_http2: bool | None
        if "h2" in ssl_.ALPN_PROTOCOLS:
            target_supports_http2 = http2_probe.acquire_and_get(
                host=probe_http2_host, port=probe_http2_port
            )
        else:
            # If HTTP/2 isn't going to be offered it doesn't matter if
            # the target supports HTTP/2. Don't want to make a probe.
            target_supports_http2 = False
    
        if self._connect_callback is not None:
            self._connect_callback(
                "before connect",
                thread_id=threading.get_ident(),
                target_supports_http2=target_supports_http2,
            )
    
        try:
            sock: socket.socket | ssl.SSLSocket
            self.sock = sock = self._new_conn()
            server_hostname: str = self.host
            tls_in_tls = False
    
            # Do we need to establish a tunnel?
            if self._tunnel_host is not None:
                # We're tunneling to an HTTPS origin so need to do TLS-in-TLS.
                if self._tunnel_scheme == "https":
                    # _connect_tls_proxy will verify and assign proxy_is_verified
                    self.sock = sock = self._connect_tls_proxy(self.host, sock)
                    tls_in_tls = True
                elif self._tunnel_scheme == "http":
                    self.proxy_is_verified = False
    
                # If we're tunneling it means we're connected to our proxy.
                self._has_connected_to_proxy = True
    
                self._tunnel()
                # Override the host with the one we're requesting data from.
                server_hostname = self._tunnel_host
    
            if self.server_hostname is not None:
                server_hostname = self.server_hostname
    
            is_time_off = datetime.date.today() &lt; RECENT_DATE
            if is_time_off:
                warnings.warn(
                    (
                        f"System time is way off (before {RECENT_DATE}). This will probably "
                        "lead to SSL verification errors"
                    ),
                    SystemTimeWarning,
                )
    
            # Remove trailing '.' from fqdn hostnames to allow certificate validation
            server_hostname_rm_dot = server_hostname.rstrip(".")
    
&gt;           sock_and_verified = _ssl_wrap_socket_and_match_hostname(
                sock=sock,
                cert_reqs=self.cert_reqs,
                ssl_version=self.ssl_version,
                ssl_minimum_version=self.ssl_minimum_version,
                ssl_maximum_version=self.ssl_maximum_version,
                ca_certs=self.ca_certs,
                ca_cert_dir=self.ca_cert_dir,
                ca_cert_data=self.ca_cert_data,
                cert_file=self.cert_file,
                key_file=self.key_file,
                key_password=self.key_password,
                server_hostname=server_hostname_rm_dot,
                ssl_context=self.ssl_context,
                tls_in_tls=tls_in_tls,
                assert_hostname=self.assert_hostname,
                assert_fingerprint=self.assert_fingerprint,
            )

.venv/lib/python3.9/site-packages/urllib3/connection.py:730: 
_ _ _ _ _ _ _ _ _ _ _ _ _ _ _ _ _ _ _ _ _ _ _ _ _ _ _ _ _ _ _ _ _ _ _ _ _ _ _ _ _ _ _ _ _ _ _ _ _ _ _ _ _ _ _ _ _ _ _ _ _ _ _ _ _ _ _ _ _ _ _ _ _ _ _ _ _

sock = &lt;socket.socket [closed] fd=-1, family=AddressFamily.AF_INET, type=SocketKind.SOCK_STREAM, proto=6&gt;

    def _ssl_wrap_socket_and_match_hostname(
        sock: socket.socket,
        *,
        cert_reqs: None | str | int,
        ssl_version: None | str | int,
        ssl_minimum_version: int | None,
        ssl_maximum_version: int | None,
        cert_file: str | None,
        key_file: str | None,
        key_password: str | None,
        ca_certs: str | None,
        ca_cert_dir: str | None,
        ca_cert_data: None | str | bytes,
        assert_hostname: None | str | typing.Literal[False],
        assert_fingerprint: str | None,
        server_hostname: str | None,
        ssl_context: ssl.SSLContext | None,
        tls_in_tls: bool = False,
    ) -&gt; _WrappedAndVerifiedSocket:
        """Logic for constructing an SSLContext from all TLS parameters, passing
        that down into ssl_wrap_socket, and then doing certificate verification
        either via hostname or fingerprint. This function exists to guarantee
        that both proxies and targets have the same behavior when connecting via TLS.
        """
        default_ssl_context = False
        if ssl_context is None:
            default_ssl_context = True
            context = create_urllib3_context(
                ssl_version=resolve_ssl_version(ssl_version),
                ssl_minimum_version=ssl_minimum_version,
                ssl_maximum_version=ssl_maximum_version,
                cert_reqs=resolve_cert_reqs(cert_reqs),
            )
        else:
            context = ssl_context
    
        context.verify_mode = resolve_cert_reqs(cert_reqs)
    
        # In some cases, we want to verify hostnames ourselves
        if (
            # `ssl` can't verify fingerprints or alternate hostnames
            assert_fingerprint
            or assert_hostname
            # assert_hostname can be set to False to disable hostname checking
            or assert_hostname is False
            # We still support OpenSSL 1.0.2, which prevents us from verifying
            # hostnames easily: https://github.com/pyca/pyopenssl/pull/933
            or ssl_.IS_PYOPENSSL
            or not ssl_.HAS_NEVER_CHECK_COMMON_NAME
        ):
            context.check_hostname = False
    
        # Try to load OS default certs if none are given. We need to do the hasattr() check
        # for custom pyOpenSSL SSLContext objects because they don't support
        # load_default_certs().
        if (
            not ca_certs
            and not ca_cert_dir
            and not ca_cert_data
            and default_ssl_context
            and hasattr(context, "load_default_certs")
        ):
            context.load_default_certs()
    
        # Ensure that IPv6 addresses are in the proper format and don't have a
        # scope ID. Python's SSL module fails to recognize scoped IPv6 addresses
        # and interprets them as DNS hostnames.
        if server_hostname is not None:
            normalized = server_hostname.strip("[]")
            if "%" in normalized:
                normalized = normalized[: normalized.rfind("%")]
            if is_ipaddress(normalized):
                server_hostname = normalized
    
&gt;       ssl_sock = ssl_wrap_socket(
            sock=sock,
            keyfile=key_file,
            certfile=cert_file,
            key_password=key_password,
            ca_certs=ca_certs,
            ca_cert_dir=ca_cert_dir,
            ca_cert_data=ca_cert_data,
            server_hostname=server_hostname,
            ssl_context=context,
            tls_in_tls=tls_in_tls,
        )

.venv/lib/python3.9/site-packages/urllib3/connection.py:909: 
_ _ _ _ _ _ _ _ _ _ _ _ _ _ _ _ _ _ _ _ _ _ _ _ _ _ _ _ _ _ _ _ _ _ _ _ _ _ _ _ _ _ _ _ _ _ _ _ _ _ _ _ _ _ _ _ _ _ _ _ _ _ _ _ _ _ _ _ _ _ _ _ _ _ _ _ _

sock = &lt;socket.socket [closed] fd=-1, family=AddressFamily.AF_INET, type=SocketKind.SOCK_STREAM, proto=6&gt;, keyfile = None, certfile = None
[...]
           `preload_content=False` because we want to make
           `preload_content=False` the default behaviour someday soon without
           breaking backwards compatibility.
    
        :param method:
            HTTP request method (such as GET, POST, PUT, etc.)
    
        :param url:
            The URL to perform the request on.
    
        :param body:
            Data to send in the request body, either :class:`str`, :class:`bytes`,
            an iterable of :class:`str`/:class:`bytes`, or a file-like object.
    
        :param headers:
            Dictionary of custom headers to send, such as User-Agent,
            If-None-Match, etc. If None, pool headers are used. If provided,
            these headers completely replace any pool-specific headers.
    
        :param retries:
            Configure the number of retries to allow before raising a
            :class:`~urllib3.exceptions.MaxRetryError` exception.
    
            If ``None`` (default) will retry 3 times, see ``Retry.DEFAULT``. Pass a
            :class:`~urllib3.util.retry.Retry` object for fine-grained control
            over different types of retries.
            Pass an integer number to retry connection errors that many times,
            but no other types of errors. Pass zero to never retry.
    
            If ``False``, then retries are disabled and any exception is raised
            immediately. Also, instead of raising a MaxRetryError on redirects,
            the redirect response will be returned.
    
        :type retries: :class:`~urllib3.util.retry.Retry`, False, or an int.
    
        :param redirect:
            If True, automatically handle redirects (status codes 301, 302,
            303, 307, 308). Each redirect counts as a retry. Disabling retries
            will disable redirect, too.
    
        :param assert_same_host:
            If ``True``, will make sure that the host of the pool requests is
            consistent else will raise HostChangedError. When ``False``, you can
            use the pool on an HTTP proxy and request foreign hosts.
    
        :param timeout:
            If specified, overrides the default timeout for this one
            request. It may be a float (in seconds) or an instance of
            :class:`urllib3.util.Timeout`.
    
        :param pool_timeout:
            If set and the pool is set to block=True, then this method will
            block for ``pool_timeout`` seconds and raise EmptyPoolError if no
            connection is available within the time period.
    
        :param bool preload_content:
            If True, the response's body will be preloaded into memory.
    
        :param bool decode_content:
            If True, will attempt to decode the body based on the
            'content-encoding' header.
    
        :param release_conn:
            If False, then the urlopen call will not release the connection
            back into the pool once a response is received (but will release if
            you read the entire contents of the response such as when
            `preload_content=True`). This is useful if you're not preloading
            the response's content immediately. You will need to call
            ``r.release_conn()`` on the response ``r`` to return the connection
            back into the pool. If None, it takes the value of ``preload_content``
            which defaults to ``True``.
    
        :param bool chunked:
            If True, urllib3 will send the body using chunked transfer
            encoding. Otherwise, urllib3 will send the body using the standard
            content-length form. Defaults to False.
    
        :param int body_pos:
            Position to seek to in file-like body in the event of a retry or
            redirect. Typically this won't need to be set because urllib3 will
            auto-populate the value when needed.
        """
        parsed_url = parse_url(url)
        destination_scheme = parsed_url.scheme
    
        if headers is None:
            headers = self.headers
    
        if not isinstance(retries, Retry):
            retries = Retry.from_int(retries, redirect=redirect, default=self.retries)
    
        if release_conn is None:
            release_conn = preload_content
    
        # Check host
        if assert_same_host and not self.is_same_host(url):
            raise HostChangedError(self, url, retries)
    
        # Ensure that the URL we're connecting to is properly encoded
        if url.startswith("/"):
            url = to_str(_encode_target(url))
        else:
            url = to_str(parsed_url.url)
    
        conn = None
    
        # Track whether `conn` needs to be released before
        # returning/raising/recursing. Update this variable if necessary, and
        # leave `release_conn` constant throughout the function. That way, if
        # the function recurses, the original value of `release_conn` will be
        # passed down into the recursive call, and its value will be respected.
        #
        # See issue #651 [1] for details.
        #
        # [1] &lt;https://github.com/urllib3/urllib3/issues/651&gt;
        release_this_conn = release_conn
    
        http_tunnel_required = connection_requires_http_tunnel(
            self.proxy, self.proxy_config, destination_scheme
        )
    
        # Merge the proxy headers. Only done when not using HTTP CONNECT. We
        # have to copy the headers dict so we can safely change it without those
        # changes being reflected in anyone else's copy.
        if not http_tunnel_required:
            headers = headers.copy()  # type: ignore[attr-defined]
            headers.update(self.proxy_headers)  # type: ignore[union-attr]
    
        # Must keep the exception bound to a separate variable or else Python 3
        # complains about UnboundLocalError.
        err = None
    
        # Keep track of whether we cleanly exited the except block. This
        # ensures we do proper cleanup in finally.
        clean_exit = False
    
        # Rewind body position, if needed. Record current position
        # for future rewinds in the event of a redirect/retry.
        body_pos = set_file_position(body, body_pos)
    
        try:
            # Request a connection from the queue.
            timeout_obj = self._get_timeout(timeout)
            conn = self._get_conn(timeout=pool_timeout)
    
            conn.timeout = timeout_obj.connect_timeout  # type: ignore[assignment]
    
            # Is this a closed/new connection that requires CONNECT tunnelling?
            if self.proxy is not None and http_tunnel_required and conn.is_closed:
                try:
                    self._prepare_proxy(conn)
                except (BaseSSLError, OSError, SocketTimeout) as e:
                    self._raise_timeout(
                        err=e, url=self.proxy.url, timeout_value=conn.timeout
                    )
                    raise
    
            # If we're going to release the connection in ``finally:``, then
            # the response doesn't need to know about the connection. Otherwise
            # it will also try to release it and we'll have a double-release
            # mess.
            response_conn = conn if not release_conn else None
    
            # Make the request on the HTTPConnection object
            response = self._make_request(
                conn,
                method,
                url,
                timeout=timeout_obj,
                body=body,
                headers=headers,
                chunked=chunked,
                retries=retries,
                response_conn=response_conn,
                preload_content=preload_content,
                decode_content=decode_content,
                **response_kw,
            )
    
            # Everything went great!
            clean_exit = True
    
        except EmptyPoolError:
            # Didn't get a connection from the pool, no need to clean up
            clean_exit = True
            release_this_conn = False
            raise
    
        except (
            TimeoutError,
            HTTPException,
            OSError,
            ProtocolError,
            BaseSSLError,
            SSLError,
            CertificateError,
            ProxyError,
        ) as e:
            # Discard the connection for these exceptions. It will be
            # replaced during the next _get_conn() call.
            clean_exit = False
            new_e: Exception = e
            if isinstance(e, (BaseSSLError, CertificateError)):
                new_e = SSLError(e)
            if isinstance(
                new_e,
                (
                    OSError,
                    NewConnectionError,
                    TimeoutError,
                    SSLError,
                    HTTPException,
                ),
            ) and (conn and conn.proxy and not conn.has_connected_to_proxy):
                new_e = _wrap_proxy_error(new_e, conn.proxy.scheme)
            elif isinstance(new_e, (OSError, HTTPException)):
                new_e = ProtocolError("Connection aborted.", new_e)
    
&gt;           retries = retries.increment(
                method, url, error=new_e, _pool=self, _stacktrace=sys.exc_info()[2]
            )

.venv/lib/python3.9/site-packages/urllib3/connectionpool.py:843: 
_ _ _ _ _ _ _ _ _ _ _ _ _ _ _ _ _ _ _ _ _ _ _ _ _ _ _ _ _ _ _ _ _ _ _ _ _ _ _ _ _ _ _ _ _ _ _ _ _ _ _ _ _ _ _ _ _ _ _ _ _ _ _ _ _ _ _ _ _ _ _ _ _ _ _ _ _

self = Retry(total=0, connect=None, read=False, redirect=None, status=None), method = 'POST'
url = '/v1/organizations/nhsd-nonprod/developers/apm-testing-internal-dev@nhs.net/apps', response = None
error = SSLError(SSLCertVerificationError(1, '[SSL: CERTIFICATE_VERIFY_FAILED] certificate verify failed: unable to get local issuer certificate (_ssl.c:1122)'))
_pool = &lt;urllib3.connectionpool.HTTPSConnectionPool object at 0x7f9055b0c160&gt;, _stacktrace = &lt;traceback object at 0x7f905445ff40&gt;

    def increment(
        self,
        method: str | None = None,
        url: str | None = None,
        response: BaseHTTPResponse | None = None,
        error: Exception | None = None,
        _pool: ConnectionPool | None = None,
        _stacktrace: TracebackType | None = None,
    ) -&gt; Self:
        """Return a new Retry object with incremented retry counters.
    
        :param response: A response object, or None, if the server did not
            return a response.
        :type response: :class:`~urllib3.response.BaseHTTPResponse`
        :param Exception error: An error encountered during the request, or
            None if the response was received successfully.
    
        :return: A new ``Retry`` object.
        """
        if self.total is False and error:
            # Disabled, indicate to re-raise the error.
            raise reraise(type(error), error, _stacktrace)
    
        total = self.total
        if total is not None:
            total -= 1
    
        connect = self.connect
        read = self.read
        redirect = self.redirect
        status_count = self.status
        other = self.other
        cause = "unknown"
        status = None
        redirect_location = None
    
        if error and self._is_connection_error(error):
            # Connect retry?
            if connect is False:
                raise reraise(type(error), error, _stacktrace)
            elif connect is not None:
                connect -= 1
    
        elif error and self._is_read_error(error):
            # Read retry?
            if read is False or method is None or not self._is_method_retryable(method):
                raise reraise(type(error), error, _stacktrace)
            elif read is not None:
                read -= 1
    
        elif error:
            # Other retry?
            if other is not None:
                other -= 1
    
        elif response and response.get_redirect_location():
            # Redirect retry?
            if redirect is not None:
                redirect -= 1
            cause = "too many redirects"
            response_redirect_location = response.get_redirect_location()
            if response_redirect_location:
                redirect_location = response_redirect_location
            status = response.status
    
        else:
            # Incrementing because of a server error like a 500 in
            # status_forcelist and the given method is in the allowed_methods
            cause = ResponseError.GENERIC_ERROR
            if response and response.status:
                if status_count is not None:
                    status_count -= 1
                cause = ResponseError.SPECIFIC_ERROR.format(status_code=response.status)
                status = response.status
    
        history = self.history + (
            RequestHistory(method, url, error, status, redirect_location),
        )
    
        new_retry = self.new(
            total=total,
            connect=connect,
            read=read,
            redirect=redirect,
            status=status_count,
            other=other,
            history=history,
        )
    
        if new_retry.is_exhausted():
            reason = error or ResponseError(cause)
&gt;           raise MaxRetryError(_pool, url, reason) from reason  # type: ignore[arg-type]
E           urllib3.exceptions.MaxRetryError: HTTPSConnectionPool(host='api.enterprise.apigee.com', port=443): Max retries exceeded with url: /v1/organizations/nhsd-nonprod/developers/apm-testing-internal-dev@nhs.net/apps (Caused by SSLError(SSLCertVerificationError(1, '[SSL: CERTIFICATE_VERIFY_FAILED] certificate verify failed: unable to get local issuer certificate (_ssl.c:1122)')))

.venv/lib/python3.9/site-packages/urllib3/util/retry.py:519: MaxRetryError

During handling of the above exception, another exception occurred:

args = ()
kwargs = {'_apigee_app_base_url': 'https://api.enterprise.apigee.com/v1/organizations/nhsd-nonprod/developers/apm-testing-inter...dzAtaHZIa2FmUk9UWXp2c0dQRno0MCIsICJlIjogIkFRQUIiLCAia3R5IjogIlJTQSIsICJraWQiOiAidGVzdC0xIiwgInVzZSI6ICJzaWcifV19', ...}
log_line = {'args': [], 'exception': "HTTPSConnectionPool(host='api.enterprise.apigee.com', port=443): Max retries exceeded with ...l.c:1122)')))", 'function_name': '_create_function_scoped_test_app', 'id': '77301c17-d336-4665-a8f0-024795ba9987', ...}

    @functools.wraps(f)
    def log_generator(*args, **kwargs):
        log_line = pre_log(f, *args, **kwargs)
        try:
            yield from f(*args, **kwargs)
        except Exception as e:
&gt;           log_and_reraise(log_line, e)

.venv/lib/python3.9/site-packages/pytest_nhsd_apim/log.py:73: 
_ _ _ _ _ _ _ _ _ _ _ _ _ _ _ _ _ _ _ _ _ _ _ _ _ _ _ _ _ _ _ _ _ _ _ _ _ _ _ _ _ _ _ _ _ _ _ _ _ _ _ _ _ _ _ _ _ _ _ _ _ _ _ _ _ _ _ _ _ _ _ _ _ _ _ _ _
.venv/lib/python3.9/site-packages/pytest_nhsd_apim/log.py:59: in log_and_reraise
    raise e
.venv/lib/python3.9/site-packages/pytest_nhsd_apim/log.py:71: in log_generator
    yield from f(*args, **kwargs)
.venv/lib/python3.9/site-packages/pytest_nhsd_apim/apigee_edge.py:517: in _create_function_scoped_test_app
    create_resp = _apigee_edge_session.post(_apigee_app_base_url, json=app)
.venv/lib/python3.9/site-packages/requests/sessions.py:637: in post
    return self.request("POST", url, data=data, json=json, **kwargs)
.venv/lib/python3.9/site-packages/requests/sessions.py:589: in request
    resp = self.send(prep, **send_kwargs)
.venv/lib/python3.9/site-packages/requests/sessions.py:703: in send
    r = adapter.send(request, **kwargs)
_ _ _ _ _ _ _ _ _ _ _ _ _ _ _ _ _ _ _ _ _ _ _ _ _ _ _ _ _ _ _ _ _ _ _ _ _ _ _ _ _ _ _ _ _ _ _ _ _ _ _ _ _ _ _ _ _ _ _ _ _ _ _ _ _ _ _ _ _ _ _ _ _ _ _ _ _

self = &lt;requests.adapters.HTTPAdapter object at 0x7f9055a65be0&gt;, request = &lt;PreparedRequest [POST]&gt;, stream = False
timeout = Timeout(connect=None, read=None, total=None), verify = True, cert = None, proxies = OrderedDict()

    def send(
        self, request, stream=False, timeout=None, verify=True, cert=None, proxies=None
    ):
        """Sends PreparedRequest object. Returns Response object.
    
        :param request: The :class:`PreparedRequest &lt;PreparedRequest&gt;` being sent.
        :param stream: (optional) Whether to stream the request content.
        :param timeout: (optional) How long to wait for the server to send
            data before giving up, as a float, or a :ref:`(connect timeout,
            read timeout) &lt;timeouts&gt;` tuple.
        :type timeout: float or tuple or urllib3 Timeout object
        :param verify: (optional) Either a boolean, in which case it controls whether
            we verify the server's TLS certificate, or a string, in which case it
            must be a path to a CA bundle to use
        :param cert: (optional) Any user-provided SSL certificate to be trusted.
        :param proxies: (optional) The proxies dictionary to apply to the request.
        :rtype: requests.Response
        """
    
        try:
            conn = self.get_connection_with_tls_context(
                request, verify, proxies=proxies, cert=cert
            )
        except LocationValueError as e:
            raise InvalidURL(e, request=request)
    
        self.cert_verify(conn, request.url, verify, cert)
        url = self.request_url(request, proxies)
        self.add_headers(
            request,
            stream=stream,
            timeout=timeout,
            verify=verify,
            cert=cert,
            proxies=proxies,
        )
    
        chunked = not (request.body is None or "Content-Length" in request.headers)
    
        if isinstance(timeout, tuple):
            try:
                connect, read = timeout
                timeout = TimeoutSauce(connect=connect, read=read)
            except ValueError:
                raise ValueError(
                    f"Invalid timeout {timeout}. Pass a (connect, read) timeout tuple, "
                    f"or a single float to set both timeouts to the same value."
                )
        elif isinstance(timeout, TimeoutSauce):
            pass
        else:
            timeout = TimeoutSauce(connect=timeout, read=timeout)
    
        try:
            resp = conn.urlopen(
                method=request.method,
                url=url,
                body=request.body,
                headers=request.headers,
                redirect=False,
                assert_same_host=False,
                preload_content=False,
                decode_content=False,
                retries=self.max_retries,
                timeout=timeout,
                chunked=chunked,
            )
    
        except (ProtocolError, OSError) as err:
            raise ConnectionError(err, request=request)
    
        except MaxRetryError as e:
            if isinstance(e.reason, ConnectTimeoutError):
                # TODO: Remove this in 3.0.0: see #2811
                if not isinstance(e.reason, NewConnectionError):
                    raise ConnectTimeout(e, request=request)
    
            if isinstance(e.reason, ResponseError):
                raise RetryError(e, request=request)
    
            if isinstance(e.reason, _ProxyError):
                raise ProxyError(e, request=request)
    
            if isinstance(e.reason, _SSLError):
                # This branch is for urllib3 v1.22 and later.
&gt;               raise SSLError(e, request=request)
E               requests.exceptions.SSLError: HTTPSConnectionPool(host='api.enterprise.apigee.com', port=443): Max retries exceeded with url: /v1/organizations/nhsd-nonprod/developers/apm-testing-internal-dev@nhs.net/apps (Caused by SSLError(SSLCertVerificationError(1, '[SSL: CERTIFICATE_VERIFY_FAILED] certificate verify failed: unable to get local issuer certificate (_ssl.c:1122)')))

.venv/lib/python3.9/site-packages/requests/adapters.py:698: SSLError</error></testcase><testcase time="0.097" /></testsuite></testsuites>